<?xml version="1.0" encoding="UTF-8"?>
<testng-results skipped="0" failed="0" total="0" passed="0">
  <reporter-output>
  </reporter-output>
  <suite name="Teamwork.cookie.AppTest" duration-ms="2" started-at="2017-01-12T13:24:04Z" finished-at="2017-01-12T13:24:04Z">
    <groups>
    </groups>
    <test name="Command line test" duration-ms="2" started-at="2017-01-12T13:24:04Z" finished-at="2017-01-12T13:24:04Z">
    </test> <!-- Command line test -->
  </suite> <!-- Teamwork.cookie.AppTest -->
</testng-results>
